<?xml version="1.0" encoding="UTF-8"?>
<!-- Generated by org.testng.reporters.JUnitXMLReporter -->
<testsuite hostname="ShivkarAmit" ignored="0" name="Free CRM App Test Cases" tests="11" failures="2" timestamp="21 Jul 2018 12:22:07 GMT" time="301.206" errors="0">
  <testcase name="loginPageTitleTest" time="0.017" classname="com.crm.qa.testcases.LoginPageTest"/>
  <testcase name="verifyHomePageTitleTest" time="0.015" classname="com.crm.qa.testcases.HomePageTest">
    <failure type="java.lang.AssertionError" message="Home page title not matched expected [CRMPRO] but found [Free CRM software in the cloud powers sales and customer service]">
      <![CDATA[java.lang.AssertionError: Home page title not matched expected [CRMPRO] but found [Free CRM software in the cloud powers sales and customer service]
at com.crm.qa.testcases.HomePageTest.verifyHomePageTitleTest(HomePageTest.java:44)
... Removed 30 stack frames]]>
    </failure>
  </testcase> <!-- verifyHomePageTitleTest -->
  <testcase name="verifyContactsPageLabelTest" time="0.09" classname="com.crm.qa.testcases.ContactsPageTest"/>
  <testcase name="crmLogoImageTest" time="0.084" classname="com.crm.qa.testcases.LoginPageTest"/>
  <testcase name="verifyCorrectUserNameTest" time="4.197" classname="com.crm.qa.testcases.HomePageTest"/>
  <testcase name="selectContactsByNameTest" time="0.479" classname="com.crm.qa.testcases.ContactsPageTest"/>
  <testcase name="logintest" time="0.117" classname="com.crm.qa.testcases.LoginPageTest"/>
  <testcase name="verifyContactsLinkTest" time="8.088" classname="com.crm.qa.testcases.HomePageTest"/>
  <testcase name="validateCreateNewConatct" time="10.462" classname="com.crm.qa.testcases.ContactsPageTest">
    <failure type="org.openqa.selenium.NoSuchElementException" message="Unable to locate element: //select[@name=&amp;apos;title&amp;apos;]
For documentation on this error, please visit: http://seleniumhq.org/exceptions/no_such_element.html
Build info: version: &amp;apos;3.12.0&amp;apos;, revision: &amp;apos;7c6e0b3&amp;apos;, time: &amp;apos;2018-05-08T14:04:26.12Z&amp;apos;
System info: host: &amp;apos;SHIVKARAMIT&amp;apos;, ip: &amp;apos;192.168.56.1&amp;apos;, os.name: &amp;apos;Windows 10&amp;apos;, os.arch: &amp;apos;amd64&amp;apos;, os.version: &amp;apos;10.0&amp;apos;, java.version: &amp;apos;1.8.0&amp;apos;
Driver info: org.openqa.selenium.firefox.FirefoxDriver
Capabilities {acceptInsecureCerts: true, browserName: firefox, browserVersion: 61.0.1, javascriptEnabled: true, moz:accessibilityChecks: false, moz:headless: false, moz:processID: 20752, moz:profile: C:\Users\amitatiocl\AppData..., moz:useNonSpecCompliantPointerOrigin: false, moz:webdriverClick: true, pageLoadStrategy: normal, platform: XP, platformName: XP, platformVersion: 10.0, rotatable: false, timeouts: {implicit: 0, pageLoad: 300000, script: 30000}}
Session ID: 801ae383-ec72-48bb-823e-0a8775c068d8
*** Element info: {Using=xpath, value=//select[@name=&amp;apos;title&amp;apos;]}">
      <![CDATA[org.openqa.selenium.NoSuchElementException: Unable to locate element: //select[@name='title']
For documentation on this error, please visit: http://seleniumhq.org/exceptions/no_such_element.html
Build info: version: '3.12.0', revision: '7c6e0b3', time: '2018-05-08T14:04:26.12Z'
System info: host: 'SHIVKARAMIT', ip: '192.168.56.1', os.name: 'Windows 10', os.arch: 'amd64', os.version: '10.0', java.version: '1.8.0'
Driver info: org.openqa.selenium.firefox.FirefoxDriver
Capabilities {acceptInsecureCerts: true, browserName: firefox, browserVersion: 61.0.1, javascriptEnabled: true, moz:accessibilityChecks: false, moz:headless: false, moz:processID: 20752, moz:profile: C:\Users\amitatiocl\AppData..., moz:useNonSpecCompliantPointerOrigin: false, moz:webdriverClick: true, pageLoadStrategy: normal, platform: XP, platformName: XP, platformVersion: 10.0, rotatable: false, timeouts: {implicit: 0, pageLoad: 300000, script: 30000}}
Session ID: 801ae383-ec72-48bb-823e-0a8775c068d8
*** Element info: {Using=xpath, value=//select[@name='title']}
at org.openqa.selenium.remote.http.W3CHttpResponseCodec.createException(W3CHttpResponseCodec.java:187)
at org.openqa.selenium.remote.http.W3CHttpResponseCodec.decode(W3CHttpResponseCodec.java:122)
at org.openqa.selenium.remote.http.W3CHttpResponseCodec.decode(W3CHttpResponseCodec.java:49)
at org.openqa.selenium.remote.HttpCommandExecutor.execute(HttpCommandExecutor.java:158)
at org.openqa.selenium.remote.service.DriverCommandExecutor.execute(DriverCommandExecutor.java:83)
at org.openqa.selenium.remote.RemoteWebDriver.execute(RemoteWebDriver.java:543)
at org.openqa.selenium.remote.RemoteWebDriver.findElement(RemoteWebDriver.java:317)
at org.openqa.selenium.remote.RemoteWebDriver.findElementByXPath(RemoteWebDriver.java:419)
at org.openqa.selenium.By$ByXPath.findElement(By.java:353)
at org.openqa.selenium.remote.RemoteWebDriver.findElement(RemoteWebDriver.java:309)
at org.openqa.selenium.support.events.EventFiringWebDriver.lambda$new$1(EventFiringWebDriver.java:103)
at org.openqa.selenium.support.events.EventFiringWebDriver$$Lambda$217.0000000012B17FD0.invoke(Unknown Source)
at com.sun.proxy.$Proxy8.findElement(Unknown Source)
at org.openqa.selenium.support.events.EventFiringWebDriver.findElement(EventFiringWebDriver.java:186)
at com.crm.qa.pages.ContactsPage.createNewContact(ContactsPage.java:41)
at com.crm.qa.testcases.ContactsPageTest.validateCreateNewConatct(ContactsPageTest.java:59)
... Removed 32 stack frames]]>
    </failure>
  </testcase> <!-- validateCreateNewConatct -->
  <testcase name="validateCreateNewConatct" time="3.23" classname="com.crm.qa.testcases.ContactsPageTest"/>
  <testcase name="validateCreateNewConatct" time="3.414" classname="com.crm.qa.testcases.ContactsPageTest"/>
</testsuite> <!-- Free CRM App Test Cases -->
